STMicroelectronics assembler v4.49   (C)1987-2016   Thu May 12 18:47:25 2016
Page 1  "initPort.asm"
                                               e:\Projet\code\initport.asm

   1                             ST7/      
   2                             
   3                             ;*************************************************************
                                 ;***********
   4                             ; TITLE:                
   5                             ; AUTHOR:               
   6                             ; DESCRIPTION:          
   7                             ;*************************************************************
                                 ;***********
   8                             
   9  0000                                 TITLE    "initPort.asm"
  10                                       
  11  0000                                 MOTOROLA 
  12                                       
   0  0000                                 #include "ST7Lite2.INC"
   1                             ;*************************************************************
                                 ;*********** 
   2                             ; TITLE:                ST7FLite2.INC
   3                             ; AUTHOR:               CMG Microcontroller Application Team
   4                             ; DESCRIPTION:          ST7FLite2 Register and memory mapping 
                                 ;
   5                             ;*************************************************************
                                 ;***********;*************************************************
                                 ;********************
   6                             
   7                             ;*************************************************************
                                 ;*********
   8                             ;		I/O Ports Registers
   9                             ;*************************************************************
                                 ;*********
  10                             
  11  0000                                 EXTERN   PADR.b        ; port A data register
  12  0000                                 EXTERN   PADDR.b       ; port A data direction 
                                                                  ;register
  13  0000                                 EXTERN   PAOR.b        ; port A option register
  14                             
  15  0000                                 EXTERN   PBDR.b        ; port B data register
  16  0000                                 EXTERN   PBDDR.b       ; port B data direction 
                                                                  ;register
  17  0000                                 EXTERN   PBOR.b        ; port B option register
  18                             
  19                             ;*************************************************************
                                 ;*********
  20                             ;		Lite Timer Registers
  21                             ;*************************************************************
                                 ;*********
  22                                       
  23  0000                                 EXTERN   LTCSR2.b      ; Lite Timer Control/Status 
                                                                  ;register 2
  24  0000                                 EXTERN   LTCARR.b      ; Lite Timer Auto-reload 
                                                                  ;register
  25  0000                                 EXTERN   LTCNTR.b      ; Lite Timer Counter register
  26  0000                                 EXTERN   LTCSR1.b      ; Lite Timer Control/Status 
                                                                  ;register 1
  27  0000                                 EXTERN   LTICR.b       ; Lite Timer Input Capture 
                                                                  ;register
  28                                       
STMicroelectronics assembler v4.49   (C)1987-2016   Thu May 12 18:47:25 2016
Page 2  "initPort.asm"
                                               e:\Projet\code\ST7Lite2.INC

  29                             ;*************************************************************
                                 ;*********
  30                             ;		Auto reload timer registers
  31                             ;*************************************************************
                                 ;*********
  32                             
  33  0000                                 EXTERN   ATCSR.b       ; Timer Control/Status register 
                                                                  ;1
  34  0000                                 EXTERN   CNTRH.b       ; Counter Register High
  35  0000                                 EXTERN   CNTRL.b       ; Counter Register Low 
  36  0000                                 EXTERN   ATRH.b        ; Auto-Reload Register High
  37  0000                                 EXTERN   ATRL.b        ; Auto-Reload Register Low
  38  0000                                 EXTERN   PWMCR.b       ; PWM Output Control Register
  39  0000                                 EXTERN   PWM0CSR.b     ; PWM 0 Control/Status Register 
                                                                  ; 
  40  0000                                 EXTERN   PWM1CSR.b     ; PWM 1 Control/Status Register 
                                                                  ; 
  41  0000                                 EXTERN   PWM2CSR.b     ; PWM 2 Control/Status Register 
                                                                  ; 
  42  0000                                 EXTERN   PWM3CSR.b     ; PWM 3 Control/Status Register 
                                                                  ; 
  43  0000                                 EXTERN   DCR0H.b       ; PWM 0 Duty Cycle Register 
                                                                  ;High
  44  0000                                 EXTERN   DCR0L.b       ; PWM 0 Duty Cycle Register Low 
                                                                  ;  
  45  0000                                 EXTERN   DCR1H.b       ; PWM 0 Duty Cycle Register 
                                                                  ;High
  46  0000                                 EXTERN   DCR1L.b       ; PWM 0 Duty Cycle Register Low 
                                                                  ;  
  47  0000                                 EXTERN   DCR2H.b       ; PWM 0 Duty Cycle Register 
                                                                  ;High
  48  0000                                 EXTERN   DCR2L.b       ; PWM 0 Duty Cycle Register Low 
                                                                  ;  
  49  0000                                 EXTERN   DCR3H.b       ; PWM 0 Duty Cycle Register 
                                                                  ;High
  50  0000                                 EXTERN   DCR3L.b       ; PWM 0 Duty Cycle Register Low 
                                                                  ;  
  51  0000                                 EXTERN   ATICRH.b      ; Input Capture Register High 
  52  0000                                 EXTERN   ATICRL.b      ; Input Capture Register Low
  53  0000                                 EXTERN   TRANCR.b      ; Transfer Control Register
  54  0000                                 EXTERN   BREAKCR.b     ; Break Control Register  
  55                             
  56                             ;*************************************************************
                                 ;*********
  57                             ;                        Watchdog Control  register
  58                             ;*************************************************************
                                 ;*********
  59                                       
  60  0000                                 EXTERN   WDGCR.b       ; Watchdog Control Register 
  61                             
  62                             
  63                             ;*************************************************************
                                 ;*********
  64                             ;		Flash Register
  65                             ;*************************************************************
                                 ;*********
  66                             
STMicroelectronics assembler v4.49   (C)1987-2016   Thu May 12 18:47:25 2016
Page 3  "initPort.asm"
                                               e:\Projet\code\ST7Lite2.INC

  67  0000                                 EXTERN   FCSR.b        ; flash control/satus register
  68                             
  69                             ;*************************************************************
                                 ;*********
  70                             ;		EEPROM Register
  71                             ;*************************************************************
                                 ;*********
  72                             
  73  0000                                 EXTERN   EECSR.b       ; data EEPROM control status 
                                                                  ;register
  74                             
  75                             ;*************************************************************
                                 ;*********
  76                             ;		SPI Registers
  77                             ;*************************************************************
                                 ;*********
  78                             
  79  0000                                 EXTERN   SPIDR.b       ; SPI data I/O register
  80  0000                                 EXTERN   SPICR.b       ; SPI control register
  81  0000                                 EXTERN   SPISR.b       ; SPI status register
  82                             
  83                             ;*************************************************************
                                 ;*********
  84                             ;		ADC Registers
  85                             ;*************************************************************
                                 ;*********
  86                                       
  87  0000                                 EXTERN   ADCCSR.b      ; ADC Control Status register
  88  0000                                 EXTERN   ADCDRH.b      ; ADC Data register
  89  0000                                 EXTERN   ADCDRL.b      ; ADC Amplifier Control 
                                                                  ;register
  90                                       
  91                             ;*************************************************************
                                 ;*********
  92                             ;		ITC Registers
  93                             ;*************************************************************
                                 ;*********
  94                                       
  95  0000                                 EXTERN   EICR.b        ; external interrupt control 
                                                                  ;register
  96                             
  97                             ;*************************************************************
                                 ;*********
  98                             ;		MCC egisters
  99                             ;*************************************************************
                                 ;*********
 100                             
 101  0000                                 EXTERN   MCCSR.b       ; main clock control/status 
                                                                  ;register
 102                                       
 103                             ;*************************************************************
                                 ;*********
 104                             ;		Clock & Reset Registers
 105                             ;*************************************************************
                                 ;*********
 106                             
 107  0000                                 EXTERN   RCCR.b        ; RC oscilator control register
STMicroelectronics assembler v4.49   (C)1987-2016   Thu May 12 18:47:25 2016
Page 4  "initPort.asm"
                                               e:\Projet\code\ST7Lite2.INC

 108  0000                                 EXTERN   SICSR.b       ; system integrity 
                                                                  ;control/status register
 109                             
 110                             ;*************************************************************
                                 ;*********
 111                             ;                        External Interrupt Selection 
                                 ;Registers
 112                             ;*************************************************************
                                 ;*********
 113                             
 114  0000                                 EXTERN   EISR.b        ;  External Interrupt Selection 
                                                                  ;Register
 115                             
 116                             ;*************************************************************
                                 ;*********
 117                             ;                        Dali Registers
 118                             ;*************************************************************
                                 ;*********
 119                             
 120  0000                                 EXTERN   DCMCLK.b      ; DALI Clock Register
 121  0000                                 EXTERN   DCMFA.b       ; DALI Forward Address Register
 122  0000                                 EXTERN   DCMFD.b       ; DALI Forward Data Register
 123  0000                                 EXTERN   DCMBD.b       ; DALI Backward Data Register
 124  0000                                 EXTERN   DCMCR.b       ; DALI Control Register
 125  0000                                 EXTERN   DCMCSR.b      ; DALI Control/Status Register
 126                             
 127                             ;*************************************************************
                                 ;*********
 128                             ;                        AWU Registers
 129                             ;*************************************************************
                                 ;*********
 130                             
 131  0000                                 EXTERN   AWUPR.b       ; AWU Prescaler Register
 132  0000                                 EXTERN   AWUCSR.b      ; AWU Control/Status Register
 133                             
 134                             ;*************************************************************
                                 ;*********
 135                             ;                        DM Registers
 136                             ;*************************************************************
                                 ;*********
 137                             
 138  0000                                 EXTERN   DMCR.b        ; DM Control Register
 139  0000                                 EXTERN   DMSR.b        ; DM Status Register
 140  0000                                 EXTERN   DMBK1H.b      ; DM Breakpoint Register 1 High
 141  0000                                 EXTERN   DMBK1L.b      ; DM Breakpoint Register 1 Low
 142  0000                                 EXTERN   DMBK2H.b      ; DM Breakpoint Register 2 High
 143  0000                                 EXTERN   DMBK2L.b      ; DM Breakpoint Register 2 Low
 144                             
<END_OF_INCLUSION>
  14                             
  15                             
  16                             ;*************************************************************
                                 ;***********
  17                             ;
  18                             ;  ZONE DE DECLARATION DES SYMBOLES
  19                             ;
  20                             ;*************************************************************
                                 ;***********
STMicroelectronics assembler v4.49   (C)1987-2016   Thu May 12 18:47:25 2016
Page 5  "initPort.asm"
                                               e:\Projet\code\initport.asm

  21                             
  22  0000                                 PUBLIC   initPortSPI
  23                             
  24                             
  25                             ;*************************************************************
                                 ;***********
  26                             ;
  27                             ;  ZONE DE DECLARATION DES VARIABLES
  28                             ;
  29                             ;*************************************************************
                                 ;***********
  30  0000                                 BYTES    
  31                                       segment  byte 'ram0'
  32                             
  33  0081                       var       DS.B     1             ;fourre tout pour contrer 
                                                                  ;limitation mode d'adressage
  34                             
  35                             ;*************************************************************
                                 ;***********
  36                             ;
  37                             ;  ZONE DE DECLARATION DES CONSTANTES
  38                             ;
  39                             ;*************************************************************
                                 ;***********
  40  0082                                 WORDS    
  41                                       segment  byte 'rom'
  42                                       
  43                             
  44                             ;*************************************************************
                                 ;***********
  45                             ;
  46                             ;  ZONE DE DECLARATION DES SOUS-PROGRAMMES
  47                             ;
  48                             ;*************************************************************
                                 ;***********
  49                             
  50                             ;;;;;;;;;;;;;;;;;;;;;;;;;;;;;;;;;;;;;;;;;;;;;;;;
  51                             ; macro pour 'et' bit à bit et complement a un ;
  52                             ;;;;;;;;;;;;;;;;;;;;;;;;;;;;;;;;;;;;;;;;;;;;;;;;
  53  E030                       Mor       MACRO    dest src
  54                                       LD       X,src
  55                                       CPL      X
  56                                       LD       var,X
  57                                       LD       A,dest
  58                                       AND      A,var
  59                                       LD       dest,A
  60  E030                                 MEND     
  61                             
  62                             ;;;;;;;;;;;;;;;;;;;;;;;;;;;;;
  63                             ; macro pour 'or' bit à bit ;
  64                             ;;;;;;;;;;;;;;;;;;;;;;;;;;;;;
  65  E030                       MandComp  MACRO    dest mask
  66                                       LD       A,dest
  67                                       OR       A,mask
  68                                       LD       A,dest
  69  E030                                 MEND     
  70                                       
STMicroelectronics assembler v4.49   (C)1987-2016   Thu May 12 18:47:25 2016
Page 6  "initPort.asm"
                                               e:\Projet\code\initport.asm

  71                             ;LEs fonction d'init qui ne seront apelé qu'une fois en début 
                                 ;de prgm ne sauvent pas les registres.
  72                             
  73                             ;;;;;;;;;;;;;;;;;;;;;;;;;;;
  74                             ; initialisation port spi ;
  75                             ;;;;;;;;;;;;;;;;;;;;;;;;;;;
  76                             initPortSPI:  
  77  E030   B60C                          LD       A,$0C         ;ctrl spi
  78  E032   B732                          LD       SPICR,A
  79                                       
  80  E034   B603                          LD       A,$03         ;status spi
  81  E036   B733                          LD       SPISR,A
  82                                       
  83  E038   B65C                          LD       A,$5C         ;ctrl spi
  84  E03A   B732                          LD       SPICR,A
  85                                       
  86                                       
  87                                       Mor      PBOR, $04
  87  E03C   BE04                          LD       X,$04
  87  E03E   53                            CPL      X
  87  E03F   BF81                          LD       var,X
  87  E041   B605                          LD       A,PBOR
  87  E043   B481                          AND      A,var
  87  E045   B705                          LD       PBOR,A
  88  E047                                                        ;LD	A,PBOR	;PB2
  89                                                              ;OR	A,$04
  90                                                              ;LD	A,PBOR
  91                                       
  92                                       Mor      PBDDR, $04
  92  E047   BE04                          LD       X,$04
  92  E049   53                            CPL      X
  92  E04A   BF81                          LD       var,X
  92  E04C   B604                          LD       A,PBDDR
  92  E04E   B481                          AND      A,var
  92  E050   B704                          LD       PBDDR,A
  93  E052                                                        ;LD	A,PBDDR
  94                                                              ;OR	A,$04
  95                                                              ;LD	A,PBDDR
  96                                       
  97                                       
  98                                       Mor      PBOR, $10
  98  E052   BE10                          LD       X,$10
  98  E054   53                            CPL      X
  98  E055   BF81                          LD       var,X
  98  E057   B605                          LD       A,PBOR
  98  E059   B481                          AND      A,var
  98  E05B   B705                          LD       PBOR,A
  99  E05D                                                        ;LD	A,PBOR	;PB4
 100                                                              ;OR	A,$10
 101                                                              ;LD	A,PBOR
 102                                       
 103                                       Mor      PBDDR, $10
 103  E05D   BE10                          LD       X,$10
 103  E05F   53                            CPL      X
 103  E060   BF81                          LD       var,X
 103  E062   B604                          LD       A,PBDDR
 103  E064   B481                          AND      A,var
STMicroelectronics assembler v4.49   (C)1987-2016   Thu May 12 18:47:25 2016
Page 7  "initPort.asm"
                                               e:\Projet\code\initport.asm

 103  E066   B704                          LD       PBDDR,A
 104  E068                                                        ;LD 	A,PBDDR
 105                                                              ;OR	A,$10
 106                                                              ;LD	A,PBDDR
 107                                       
 108                                       
 109  E068   B605                          LD       A,PBOR        ;PB5
 110  E06A   BA20                          OR       A,$20
 111  E06C   B605                          LD       A,PBOR
 112                                       
 113  E06E   B604                          LD       A,PBDDR
 114  E070   BA20                          OR       A,$20
 115  E072   B604                          LD       A,PBDDR
 116                                       
 117                                       
 118                                       MandComp PBDR, $04
 118  E074   B603                          LD       A,PBDR
 118  E076   BA04                          OR       A,$04
 118  E078   B603                          LD       A,PBDR
 119  E07A                                                        ;LD	X,$04	;PB2
 120                                                              ;CPL	X
 121                                                              ;LD	var,X
 122                                                              ;LD	A,PBDR
 123                                                              ;AND	A,var
 124                                                              ;LD	PBDR,A
 125                                       
 126                                       MandComp PBDR, $10
 126  E07A   B603                          LD       A,PBDR
 126  E07C   BA10                          OR       A,$10
 126  E07E   B603                          LD       A,PBDR
 127  E080                                                        ;LD	X,$10	;PB4
 128                                                              ;CPL	X
 129                                                              ;LD	var,X
 130                                                              ;LD	A,PBDR
 131                                                              ;AND	A,var
 132                                                              ;LD	PBDR,A
 133                                       
 134  E080   B603                          LD       A,PBDR        ;PB5
 135  E082   BA20                          OR       A,$20
 136  E084   B603                          LD       A,PBDR
 137                                       
 138                                       
 139  E086   B602                          LD       A,PAOR        ;PA2
 140  E088   BA04                          OR       A,$04
 141  E08A   B602                          LD       A,PAOR
 142                                       
 143  E08C   B601                          LD       A,PADDR       ;PA2
 144  E08E   BA04                          OR       A,$04
 145  E090   B601                          LD       A,PADDR
 146                                       
 147  E092   B600                          LD       A,PADR        ;PA2
 148  E094   BA04                          OR       A,$04
 149  E096   B600                          LD       A,PADR
 150                                       
 151  E098   81                            RET      
 152                             
 153                             ;*************************************************************
STMicroelectronics assembler v4.49   (C)1987-2016   Thu May 12 18:47:25 2016
Page 8  "initPort.asm"
                                               e:\Projet\code\initport.asm

                                 ;***********
 154                             
 155  E099                                 END      
STMicroelectronics assembler v4.49   (C)1987-2016   Thu May 12 18:47:25 2016
Page 9  "initPort.asm"
                                               e:\Projet\code\initport.asm

Symbol Name                       Value     Call       Type  Scope      Rel.  Line  Privacy  Segment   Size  Bytes File

ATCSR                                   0D         no  BYTE  Internal   ABS     33  private  text         0     0  e:\Projet\code\ST7Lite2.INC
ATRH                                    10         no  BYTE  Internal   ABS     36  private  text         0     0  e:\Projet\code\ST7Lite2.INC
ATRL                                    11         no  BYTE  Internal   ABS     37  private  text         0     0  e:\Projet\code\ST7Lite2.INC
ATICRH                                  1F         no  BYTE  Internal   ABS     51  private  text         0     0  e:\Projet\code\ST7Lite2.INC
ATICRL                                  20         no  BYTE  Internal   ABS     52  private  text         0     0  e:\Projet\code\ST7Lite2.INC
ADCCSR                                  34         no  BYTE  Internal   ABS     87  private  text         0     0  e:\Projet\code\ST7Lite2.INC
ADCDRH                                  35         no  BYTE  Internal   ABS     88  private  text         0     0  e:\Projet\code\ST7Lite2.INC
ADCDRL                                  36         no  BYTE  Internal   ABS     89  private  text         0     0  e:\Projet\code\ST7Lite2.INC
AWUPR                                   49         no  BYTE  Internal   ABS    131  private  text         0     0  e:\Projet\code\ST7Lite2.INC
AWUCSR                                  4A         no  BYTE  Internal   ABS    132  private  text         0     0  e:\Projet\code\ST7Lite2.INC

BREAKCR                                 22         no  BYTE  Internal   ABS     54  private  text         0     0  e:\Projet\code\ST7Lite2.INC

CNTRH                                   0E         no  BYTE  Internal   ABS     34  private  text         0     0  e:\Projet\code\ST7Lite2.INC
CNTRL                                   0F         no  BYTE  Internal   ABS     35  private  text         0     0  e:\Projet\code\ST7Lite2.INC

DCR0H                                   17         no  BYTE  Internal   ABS     43  private  text         0     0  e:\Projet\code\ST7Lite2.INC
DCR0L                                   18         no  BYTE  Internal   ABS     44  private  text         0     0  e:\Projet\code\ST7Lite2.INC
DCR1H                                   19         no  BYTE  Internal   ABS     45  private  text         0     0  e:\Projet\code\ST7Lite2.INC
DCR1L                                   1A         no  BYTE  Internal   ABS     46  private  text         0     0  e:\Projet\code\ST7Lite2.INC
DCR2H                                   1B         no  BYTE  Internal   ABS     47  private  text         0     0  e:\Projet\code\ST7Lite2.INC
DCR2L                                   1C         no  BYTE  Internal   ABS     48  private  text         0     0  e:\Projet\code\ST7Lite2.INC
DCR3H                                   1D         no  BYTE  Internal   ABS     49  private  text         0     0  e:\Projet\code\ST7Lite2.INC
DCR3L                                   1E         no  BYTE  Internal   ABS     50  private  text         0     0  e:\Projet\code\ST7Lite2.INC
DCMCLK                                  40         no  BYTE  Internal   ABS    120  private  text         0     0  e:\Projet\code\ST7Lite2.INC
DCMFA                                   41         no  BYTE  Internal   ABS    121  private  text         0     0  e:\Projet\code\ST7Lite2.INC
DCMFD                                   42         no  BYTE  Internal   ABS    122  private  text         0     0  e:\Projet\code\ST7Lite2.INC
DCMBD                                   43         no  BYTE  Internal   ABS    123  private  text         0     0  e:\Projet\code\ST7Lite2.INC
DCMCR                                   44         no  BYTE  Internal   ABS    124  private  text         0     0  e:\Projet\code\ST7Lite2.INC
DCMCSR                                  45         no  BYTE  Internal   ABS    125  private  text         0     0  e:\Projet\code\ST7Lite2.INC
DMCR                                    4B         no  BYTE  Internal   ABS    138  private  text         0     0  e:\Projet\code\ST7Lite2.INC
DMSR                                    4C         no  BYTE  Internal   ABS    139  private  text         0     0  e:\Projet\code\ST7Lite2.INC
DMBK1H                                  4D         no  BYTE  Internal   ABS    140  private  text         0     0  e:\Projet\code\ST7Lite2.INC
DMBK1L                                  4E         no  BYTE  Internal   ABS    141  private  text         0     0  e:\Projet\code\ST7Lite2.INC
DMBK2H                                  4F         no  BYTE  Internal   ABS    142  private  text         0     0  e:\Projet\code\ST7Lite2.INC
DMBK2L                                  50         no  BYTE  Internal   ABS    143  private  text         0     0  e:\Projet\code\ST7Lite2.INC

EECSR                                   30         no  BYTE  Internal   ABS     73  private  text         0     0  e:\Projet\code\ST7Lite2.INC
EICR                                    37         no  BYTE  Internal   ABS     95  private  text         0     0  e:\Projet\code\ST7Lite2.INC
EISR                                    3C         no  BYTE  Internal   ABS    114  private  text         0     0  e:\Projet\code\ST7Lite2.INC

FCSR                                    2F         no  BYTE  Internal   ABS     67  private  text         0     0  e:\Projet\code\ST7Lite2.INC

LTCSR2                                  08         no  BYTE  Internal   ABS     23  private  text         0     0  e:\Projet\code\ST7Lite2.INC
LTCARR                                  09         no  BYTE  Internal   ABS     24  private  text         0     0  e:\Projet\code\ST7Lite2.INC
LTCNTR                                  0A         no  BYTE  Internal   ABS     25  private  text         0     0  e:\Projet\code\ST7Lite2.INC
LTCSR1                                  0B         no  BYTE  Internal   ABS     26  private  text         0     0  e:\Projet\code\ST7Lite2.INC
LTICR                                   0C         no  BYTE  Internal   ABS     27  private  text         0     0  e:\Projet\code\ST7Lite2.INC

MCCSR                                   38         no  BYTE  Internal   ABS    101  private  text         0     0  e:\Projet\code\ST7Lite2.INC

PADR                                    00         no  BYTE  Internal   ABS     11  private  text         0     0  e:\Projet\code\ST7Lite2.INC
PADDR                                   01         no  BYTE  Internal   ABS     12  private  text         0     0  e:\Projet\code\ST7Lite2.INC
PAOR                                    02         no  BYTE  Internal   ABS     13  private  text         0     0  e:\Projet\code\ST7Lite2.INC
PBDR                                    03         no  BYTE  Internal   ABS     15  private  text         0     0  e:\Projet\code\ST7Lite2.INC
STMicroelectronics assembler v4.49   (C)1987-2016   Thu May 12 18:47:25 2016
Page 10  "initPort.asm"
                                               e:\Projet\code\initport.asm

PBDDR                                   04         no  BYTE  Internal   ABS     16  private  text         0     0  e:\Projet\code\ST7Lite2.INC
PBOR                                    05         no  BYTE  Internal   ABS     17  private  text         0     0  e:\Projet\code\ST7Lite2.INC
PWMCR                                   12         no  BYTE  Internal   ABS     38  private  text         0     0  e:\Projet\code\ST7Lite2.INC
PWM0CSR                                 13         no  BYTE  Internal   ABS     39  private  text         0     0  e:\Projet\code\ST7Lite2.INC
PWM1CSR                                 14         no  BYTE  Internal   ABS     40  private  text         0     0  e:\Projet\code\ST7Lite2.INC
PWM2CSR                                 15         no  BYTE  Internal   ABS     41  private  text         0     0  e:\Projet\code\ST7Lite2.INC
PWM3CSR                                 16         no  BYTE  Internal   ABS     42  private  text         0     0  e:\Projet\code\ST7Lite2.INC

RCCR                                    39         no  BYTE  Internal   ABS    107  private  text         0     0  e:\Projet\code\ST7Lite2.INC

SPIDR                                   31         no  BYTE  Internal   ABS     79  private  text         0     0  e:\Projet\code\ST7Lite2.INC
SPICR                                   32         no  BYTE  Internal   ABS     80  private  text         0     0  e:\Projet\code\ST7Lite2.INC
SPISR                                   33         no  BYTE  Internal   ABS     81  private  text         0     0  e:\Projet\code\ST7Lite2.INC
SICSR                                   3A         no  BYTE  Internal   ABS    108  private  text         0     0  e:\Projet\code\ST7Lite2.INC

TRANCR                                  21         no  BYTE  Internal   ABS     53  private  text         0     0  e:\Projet\code\ST7Lite2.INC

WDGCR                                   2E         no  BYTE  Internal   ABS     60  private  text         0     0  e:\Projet\code\ST7Lite2.INC

initPortSPI                           E030         no  WORD  Internal   ABS     76  public   text       105     0  -

var                                     81         no  BYTE  Internal   ABS     33  private  bss          1     1  -


63 labels
No errors on assembly of 'e:\Projet\code\initport.asm'