STMicroelectronics assembler v4.49   (C)1987-2016   Fri May 13 08:55:43 2016
Page 1  "screen_lib.ASM"
                                               e:\Projet\code\screenlib.asm

   1                             ST7/      
   2                             
   3                             ;*************************************************************
                                 ;***********
   4                             ; TITLE:                
   5                             ; AUTHOR:               
   6                             ; DESCRIPTION:          
   7                             ;*************************************************************
                                 ;***********
   8                             
   9  0000                                 TITLE    "screen_lib.ASM"
  10                                       
  11  0000                                 MOTOROLA 
  12                                       
   0  0000                                 #include "ST7Lite2.INC"
   1                             ;*************************************************************
                                 ;*********** 
   2                             ; TITLE:                ST7FLite2.INC
   3                             ; AUTHOR:               CMG Microcontroller Application Team
   4                             ; DESCRIPTION:          ST7FLite2 Register and memory mapping 
                                 ;
   5                             ;*************************************************************
                                 ;***********;*************************************************
                                 ;********************
   6                             
   7                             ;*************************************************************
                                 ;*********
   8                             ;		I/O Ports Registers
   9                             ;*************************************************************
                                 ;*********
  10                             
  11  0000                                 EXTERN   PADR.b        ; port A data register
  12  0000                                 EXTERN   PADDR.b       ; port A data direction 
                                                                  ;register
  13  0000                                 EXTERN   PAOR.b        ; port A option register
  14                             
  15  0000                                 EXTERN   PBDR.b        ; port B data register
  16  0000                                 EXTERN   PBDDR.b       ; port B data direction 
                                                                  ;register
  17  0000                                 EXTERN   PBOR.b        ; port B option register
  18                             
  19                             ;*************************************************************
                                 ;*********
  20                             ;		Lite Timer Registers
  21                             ;*************************************************************
                                 ;*********
  22                                       
  23  0000                                 EXTERN   LTCSR2.b      ; Lite Timer Control/Status 
                                                                  ;register 2
  24  0000                                 EXTERN   LTCARR.b      ; Lite Timer Auto-reload 
                                                                  ;register
  25  0000                                 EXTERN   LTCNTR.b      ; Lite Timer Counter register
  26  0000                                 EXTERN   LTCSR1.b      ; Lite Timer Control/Status 
                                                                  ;register 1
  27  0000                                 EXTERN   LTICR.b       ; Lite Timer Input Capture 
                                                                  ;register
  28                                       
STMicroelectronics assembler v4.49   (C)1987-2016   Fri May 13 08:55:43 2016
Page 2  "screen_lib.ASM"
                                               e:\Projet\code\ST7Lite2.INC

  29                             ;*************************************************************
                                 ;*********
  30                             ;		Auto reload timer registers
  31                             ;*************************************************************
                                 ;*********
  32                             
  33  0000                                 EXTERN   ATCSR.b       ; Timer Control/Status register 
                                                                  ;1
  34  0000                                 EXTERN   CNTRH.b       ; Counter Register High
  35  0000                                 EXTERN   CNTRL.b       ; Counter Register Low 
  36  0000                                 EXTERN   ATRH.b        ; Auto-Reload Register High
  37  0000                                 EXTERN   ATRL.b        ; Auto-Reload Register Low
  38  0000                                 EXTERN   PWMCR.b       ; PWM Output Control Register
  39  0000                                 EXTERN   PWM0CSR.b     ; PWM 0 Control/Status Register 
                                                                  ; 
  40  0000                                 EXTERN   PWM1CSR.b     ; PWM 1 Control/Status Register 
                                                                  ; 
  41  0000                                 EXTERN   PWM2CSR.b     ; PWM 2 Control/Status Register 
                                                                  ; 
  42  0000                                 EXTERN   PWM3CSR.b     ; PWM 3 Control/Status Register 
                                                                  ; 
  43  0000                                 EXTERN   DCR0H.b       ; PWM 0 Duty Cycle Register 
                                                                  ;High
  44  0000                                 EXTERN   DCR0L.b       ; PWM 0 Duty Cycle Register Low 
                                                                  ;  
  45  0000                                 EXTERN   DCR1H.b       ; PWM 0 Duty Cycle Register 
                                                                  ;High
  46  0000                                 EXTERN   DCR1L.b       ; PWM 0 Duty Cycle Register Low 
                                                                  ;  
  47  0000                                 EXTERN   DCR2H.b       ; PWM 0 Duty Cycle Register 
                                                                  ;High
  48  0000                                 EXTERN   DCR2L.b       ; PWM 0 Duty Cycle Register Low 
                                                                  ;  
  49  0000                                 EXTERN   DCR3H.b       ; PWM 0 Duty Cycle Register 
                                                                  ;High
  50  0000                                 EXTERN   DCR3L.b       ; PWM 0 Duty Cycle Register Low 
                                                                  ;  
  51  0000                                 EXTERN   ATICRH.b      ; Input Capture Register High 
  52  0000                                 EXTERN   ATICRL.b      ; Input Capture Register Low
  53  0000                                 EXTERN   TRANCR.b      ; Transfer Control Register
  54  0000                                 EXTERN   BREAKCR.b     ; Break Control Register  
  55                             
  56                             ;*************************************************************
                                 ;*********
  57                             ;                        Watchdog Control  register
  58                             ;*************************************************************
                                 ;*********
  59                                       
  60  0000                                 EXTERN   WDGCR.b       ; Watchdog Control Register 
  61                             
  62                             
  63                             ;*************************************************************
                                 ;*********
  64                             ;		Flash Register
  65                             ;*************************************************************
                                 ;*********
  66                             
STMicroelectronics assembler v4.49   (C)1987-2016   Fri May 13 08:55:43 2016
Page 3  "screen_lib.ASM"
                                               e:\Projet\code\ST7Lite2.INC

  67  0000                                 EXTERN   FCSR.b        ; flash control/satus register
  68                             
  69                             ;*************************************************************
                                 ;*********
  70                             ;		EEPROM Register
  71                             ;*************************************************************
                                 ;*********
  72                             
  73  0000                                 EXTERN   EECSR.b       ; data EEPROM control status 
                                                                  ;register
  74                             
  75                             ;*************************************************************
                                 ;*********
  76                             ;		SPI Registers
  77                             ;*************************************************************
                                 ;*********
  78                             
  79  0000                                 EXTERN   SPIDR.b       ; SPI data I/O register
  80  0000                                 EXTERN   SPICR.b       ; SPI control register
  81  0000                                 EXTERN   SPISR.b       ; SPI status register
  82                             
  83                             ;*************************************************************
                                 ;*********
  84                             ;		ADC Registers
  85                             ;*************************************************************
                                 ;*********
  86                                       
  87  0000                                 EXTERN   ADCCSR.b      ; ADC Control Status register
  88  0000                                 EXTERN   ADCDRH.b      ; ADC Data register
  89  0000                                 EXTERN   ADCDRL.b      ; ADC Amplifier Control 
                                                                  ;register
  90                                       
  91                             ;*************************************************************
                                 ;*********
  92                             ;		ITC Registers
  93                             ;*************************************************************
                                 ;*********
  94                                       
  95  0000                                 EXTERN   EICR.b        ; external interrupt control 
                                                                  ;register
  96                             
  97                             ;*************************************************************
                                 ;*********
  98                             ;		MCC egisters
  99                             ;*************************************************************
                                 ;*********
 100                             
 101  0000                                 EXTERN   MCCSR.b       ; main clock control/status 
                                                                  ;register
 102                                       
 103                             ;*************************************************************
                                 ;*********
 104                             ;		Clock & Reset Registers
 105                             ;*************************************************************
                                 ;*********
 106                             
 107  0000                                 EXTERN   RCCR.b        ; RC oscilator control register
STMicroelectronics assembler v4.49   (C)1987-2016   Fri May 13 08:55:43 2016
Page 4  "screen_lib.ASM"
                                               e:\Projet\code\ST7Lite2.INC

 108  0000                                 EXTERN   SICSR.b       ; system integrity 
                                                                  ;control/status register
 109                             
 110                             ;*************************************************************
                                 ;*********
 111                             ;                        External Interrupt Selection 
                                 ;Registers
 112                             ;*************************************************************
                                 ;*********
 113                             
 114  0000                                 EXTERN   EISR.b        ;  External Interrupt Selection 
                                                                  ;Register
 115                             
 116                             ;*************************************************************
                                 ;*********
 117                             ;                        Dali Registers
 118                             ;*************************************************************
                                 ;*********
 119                             
 120  0000                                 EXTERN   DCMCLK.b      ; DALI Clock Register
 121  0000                                 EXTERN   DCMFA.b       ; DALI Forward Address Register
 122  0000                                 EXTERN   DCMFD.b       ; DALI Forward Data Register
 123  0000                                 EXTERN   DCMBD.b       ; DALI Backward Data Register
 124  0000                                 EXTERN   DCMCR.b       ; DALI Control Register
 125  0000                                 EXTERN   DCMCSR.b      ; DALI Control/Status Register
 126                             
 127                             ;*************************************************************
                                 ;*********
 128                             ;                        AWU Registers
 129                             ;*************************************************************
                                 ;*********
 130                             
 131  0000                                 EXTERN   AWUPR.b       ; AWU Prescaler Register
 132  0000                                 EXTERN   AWUCSR.b      ; AWU Control/Status Register
 133                             
 134                             ;*************************************************************
                                 ;*********
 135                             ;                        DM Registers
 136                             ;*************************************************************
                                 ;*********
 137                             
 138  0000                                 EXTERN   DMCR.b        ; DM Control Register
 139  0000                                 EXTERN   DMSR.b        ; DM Status Register
 140  0000                                 EXTERN   DMBK1H.b      ; DM Breakpoint Register 1 High
 141  0000                                 EXTERN   DMBK1L.b      ; DM Breakpoint Register 1 Low
 142  0000                                 EXTERN   DMBK2H.b      ; DM Breakpoint Register 2 High
 143  0000                                 EXTERN   DMBK2L.b      ; DM Breakpoint Register 2 Low
 144                             
<END_OF_INCLUSION>
   0  0000                                 #include "time.INC"
   1  0000                                 EXTERN   initOsc
   2  0000                                 EXTERN   wait1ms
   3  0000                                 EXTERN   wait2ms
   4  0000                                 EXTERN   wait500ms
   5  0000                                 EXTERN   wait
   6                             
<END_OF_INCLUSION>
  15                             
  16                             
STMicroelectronics assembler v4.49   (C)1987-2016   Fri May 13 08:55:43 2016
Page 5  "screen_lib.ASM"
                                               e:\Projet\code\screenlib.asm

  17                             ;*************************************************************
                                 ;***********
  18                             ;
  19                             ;  ZONE DE DECLARATION DES SYMBOLES
  20                             ;
  21                             ;*************************************************************
                                 ;***********
  22                                       
  23                                       
  24                             
  25                             ;*************************************************************
                                 ;***********
  26                             ;
  27                             ;  ZONE DE DECLARATION DES VARIABLES
  28                             ;
  29                             ;*************************************************************
                                 ;***********
  30  0000                                 BYTES    
  31                                       segment  byte 'ram0'
  32                             
  33                             ;writeSpi
  34  0082                       dataout   DS.B     1             ;param
  35  0083                       temp      DS.B     1
  36                             
  37                             ;*************************************************************
                                 ;***********
  38                             ;
  39                             ;  ZONE DE DECLARATION DES CONSTANTES
  40                             ;
  41                             ;*************************************************************
                                 ;***********
  42  0084                                 WORDS    
  43                                       segment  byte 'rom'
  44                             
  45                             ;*************************************************************
                                 ;***********
  46                             ;
  47                             ;  ZONE DE DECLARATION DES SOUS-PROGRAMMES
  48                             ;
  49                             ;*************************************************************
                                 ;***********
  50                             
  51                             
  52                             ;;;;;;;;;;;;;;;;;;;;;;;;;;;;;;;;;;;;;;;;;;;;;;;;
  53                             ; macro pour 'et' bit à bit et complement a un ;
  54                             ;;;;;;;;;;;;;;;;;;;;;;;;;;;;;;;;;;;;;;;;;;;;;;;;
  55  E0BF                       MandComp  MACRO    dest src
  56                                       PUSH     X
  57                                       PUSH     A
  58                                       LD       X,src
  59                                       CPL      X
  60                                       LD       var,X
  61                                       LD       A,dest
  62                                       AND      A,var
  63                                       LD       dest,A
  64                                       POP      A
  65                                       POP      X
STMicroelectronics assembler v4.49   (C)1987-2016   Fri May 13 08:55:43 2016
Page 6  "screen_lib.ASM"
                                               e:\Projet\code\screenlib.asm

  66  E0BF                                 MEND     
  67                             
  68                             ;;;;;;;;;;;;;;;;;;;;;;;;;;;;;
  69                             ; macro pour 'or' bit à bit ;
  70                             ;;;;;;;;;;;;;;;;;;;;;;;;;;;;;
  71  E0BF                       Mor       MACRO    dest mask
  72                                       PUSH     X
  73                                       PUSH     A
  74                                       LD       A,dest
  75                                       OR       A,mask
  76                                       LD       A,dest
  77                                       POP      A
  78                                       POP      X
  79  E0BF                                 MEND     
  80                                       
  81                             
  82                             
  83                             writeSPI:  
  84  E0BF   B682                          LD       A,dataout
  85  E0C1   B731                          LD       SPIDR,A
  86                             boucle_wait_spi:  
  87  E0C3   B633                          LD       A,SPISR
  88  E0C5   B480                          AND      A,128
  89  E0C7   26FA                          JRNE     boucle_wait_spi
  90  E0C9   B633                          LD       A,SPISR
  91  E0CB   B783                          LD       temp,A
  92  E0CD   B631                          LD       A,SPIDR
  93  E0CF   B783                          LD       temp,A
  94                             
  95                             
  96                             
  97                             writeCmd:  
  98                             
  99                             
 100                             
 101                             writeData:  
 102                             
 103                             
 104                             
 105                             initTFT:  
 106                             
 107                             
 108                             
 109                             cmdList:  
 110                             
 111                             
 112                             
 113                             setAddrWindow:  
 114                             
 115                             
 116                             
 117                             fillRectTFT:  
 118                             
 119                             
 120                             
 121                             fillScreenTFT:  
 122                             
STMicroelectronics assembler v4.49   (C)1987-2016   Fri May 13 08:55:43 2016
Page 7  "screen_lib.ASM"
                                               e:\Projet\code\screenlib.asm

 123                             
 124                             
 125                             drawPixel:  
 126                             
 127                             
 128                             
 129                             
 130                             
 131                             
 132                             ;*************************************************************
                                 ;***********
 133                             
 134  E0D1                                 END      
STMicroelectronics assembler v4.49   (C)1987-2016   Fri May 13 08:55:43 2016
Page 8  "screen_lib.ASM"
                                               e:\Projet\code\screenlib.asm

Symbol Name                       Value     Call       Type  Scope      Rel.  Line  Privacy  Segment   Size  Bytes File

ATCSR                                   0D         no  BYTE  Internal   ABS     33  private  text         0     0  e:\Projet\code\ST7Lite2.INC
ATRH                                    10         no  BYTE  Internal   ABS     36  private  text         0     0  e:\Projet\code\ST7Lite2.INC
ATRL                                    11         no  BYTE  Internal   ABS     37  private  text         0     0  e:\Projet\code\ST7Lite2.INC
ATICRH                                  1F         no  BYTE  Internal   ABS     51  private  text         0     0  e:\Projet\code\ST7Lite2.INC
ATICRL                                  20         no  BYTE  Internal   ABS     52  private  text         0     0  e:\Projet\code\ST7Lite2.INC
ADCCSR                                  34         no  BYTE  Internal   ABS     87  private  text         0     0  e:\Projet\code\ST7Lite2.INC
ADCDRH                                  35         no  BYTE  Internal   ABS     88  private  text         0     0  e:\Projet\code\ST7Lite2.INC
ADCDRL                                  36         no  BYTE  Internal   ABS     89  private  text         0     0  e:\Projet\code\ST7Lite2.INC
AWUPR                                   49         no  BYTE  Internal   ABS    131  private  text         0     0  e:\Projet\code\ST7Lite2.INC
AWUCSR                                  4A         no  BYTE  Internal   ABS    132  private  text         0     0  e:\Projet\code\ST7Lite2.INC

BREAKCR                                 22         no  BYTE  Internal   ABS     54  private  text         0     0  e:\Projet\code\ST7Lite2.INC

CNTRH                                   0E         no  BYTE  Internal   ABS     34  private  text         0     0  e:\Projet\code\ST7Lite2.INC
CNTRL                                   0F         no  BYTE  Internal   ABS     35  private  text         0     0  e:\Projet\code\ST7Lite2.INC

DCR0H                                   17         no  BYTE  Internal   ABS     43  private  text         0     0  e:\Projet\code\ST7Lite2.INC
DCR0L                                   18         no  BYTE  Internal   ABS     44  private  text         0     0  e:\Projet\code\ST7Lite2.INC
DCR1H                                   19         no  BYTE  Internal   ABS     45  private  text         0     0  e:\Projet\code\ST7Lite2.INC
DCR1L                                   1A         no  BYTE  Internal   ABS     46  private  text         0     0  e:\Projet\code\ST7Lite2.INC
DCR2H                                   1B         no  BYTE  Internal   ABS     47  private  text         0     0  e:\Projet\code\ST7Lite2.INC
DCR2L                                   1C         no  BYTE  Internal   ABS     48  private  text         0     0  e:\Projet\code\ST7Lite2.INC
DCR3H                                   1D         no  BYTE  Internal   ABS     49  private  text         0     0  e:\Projet\code\ST7Lite2.INC
DCR3L                                   1E         no  BYTE  Internal   ABS     50  private  text         0     0  e:\Projet\code\ST7Lite2.INC
DCMCLK                                  40         no  BYTE  Internal   ABS    120  private  text         0     0  e:\Projet\code\ST7Lite2.INC
DCMFA                                   41         no  BYTE  Internal   ABS    121  private  text         0     0  e:\Projet\code\ST7Lite2.INC
DCMFD                                   42         no  BYTE  Internal   ABS    122  private  text         0     0  e:\Projet\code\ST7Lite2.INC
DCMBD                                   43         no  BYTE  Internal   ABS    123  private  text         0     0  e:\Projet\code\ST7Lite2.INC
DCMCR                                   44         no  BYTE  Internal   ABS    124  private  text         0     0  e:\Projet\code\ST7Lite2.INC
DCMCSR                                  45         no  BYTE  Internal   ABS    125  private  text         0     0  e:\Projet\code\ST7Lite2.INC
DMCR                                    4B         no  BYTE  Internal   ABS    138  private  text         0     0  e:\Projet\code\ST7Lite2.INC
DMSR                                    4C         no  BYTE  Internal   ABS    139  private  text         0     0  e:\Projet\code\ST7Lite2.INC
DMBK1H                                  4D         no  BYTE  Internal   ABS    140  private  text         0     0  e:\Projet\code\ST7Lite2.INC
DMBK1L                                  4E         no  BYTE  Internal   ABS    141  private  text         0     0  e:\Projet\code\ST7Lite2.INC
DMBK2H                                  4F         no  BYTE  Internal   ABS    142  private  text         0     0  e:\Projet\code\ST7Lite2.INC
DMBK2L                                  50         no  BYTE  Internal   ABS    143  private  text         0     0  e:\Projet\code\ST7Lite2.INC

EECSR                                   30         no  BYTE  Internal   ABS     73  private  text         0     0  e:\Projet\code\ST7Lite2.INC
EICR                                    37         no  BYTE  Internal   ABS     95  private  text         0     0  e:\Projet\code\ST7Lite2.INC
EISR                                    3C         no  BYTE  Internal   ABS    114  private  text         0     0  e:\Projet\code\ST7Lite2.INC

FCSR                                    2F         no  BYTE  Internal   ABS     67  private  text         0     0  e:\Projet\code\ST7Lite2.INC

LTCSR2                                  08         no  BYTE  Internal   ABS     23  private  text         0     0  e:\Projet\code\ST7Lite2.INC
LTCARR                                  09         no  BYTE  Internal   ABS     24  private  text         0     0  e:\Projet\code\ST7Lite2.INC
LTCNTR                                  0A         no  BYTE  Internal   ABS     25  private  text         0     0  e:\Projet\code\ST7Lite2.INC
LTCSR1                                  0B         no  BYTE  Internal   ABS     26  private  text         0     0  e:\Projet\code\ST7Lite2.INC
LTICR                                   0C         no  BYTE  Internal   ABS     27  private  text         0     0  e:\Projet\code\ST7Lite2.INC

MCCSR                                   38         no  BYTE  Internal   ABS    101  private  text         0     0  e:\Projet\code\ST7Lite2.INC

PADR                                    00         no  BYTE  Internal   ABS     11  private  text         0     0  e:\Projet\code\ST7Lite2.INC
PADDR                                   01         no  BYTE  Internal   ABS     12  private  text         0     0  e:\Projet\code\ST7Lite2.INC
PAOR                                    02         no  BYTE  Internal   ABS     13  private  text         0     0  e:\Projet\code\ST7Lite2.INC
PBDR                                    03         no  BYTE  Internal   ABS     15  private  text         0     0  e:\Projet\code\ST7Lite2.INC
STMicroelectronics assembler v4.49   (C)1987-2016   Fri May 13 08:55:43 2016
Page 9  "screen_lib.ASM"
                                               e:\Projet\code\screenlib.asm

PBDDR                                   04         no  BYTE  Internal   ABS     16  private  text         0     0  e:\Projet\code\ST7Lite2.INC
PBOR                                    05         no  BYTE  Internal   ABS     17  private  text         0     0  e:\Projet\code\ST7Lite2.INC
PWMCR                                   12         no  BYTE  Internal   ABS     38  private  text         0     0  e:\Projet\code\ST7Lite2.INC
PWM0CSR                                 13         no  BYTE  Internal   ABS     39  private  text         0     0  e:\Projet\code\ST7Lite2.INC
PWM1CSR                                 14         no  BYTE  Internal   ABS     40  private  text         0     0  e:\Projet\code\ST7Lite2.INC
PWM2CSR                                 15         no  BYTE  Internal   ABS     41  private  text         0     0  e:\Projet\code\ST7Lite2.INC
PWM3CSR                                 16         no  BYTE  Internal   ABS     42  private  text         0     0  e:\Projet\code\ST7Lite2.INC

RCCR                                    39         no  BYTE  Internal   ABS    107  private  text         0     0  e:\Projet\code\ST7Lite2.INC

SPIDR                                   31         no  BYTE  Internal   ABS     79  private  text         0     0  e:\Projet\code\ST7Lite2.INC
SPICR                                   32         no  BYTE  Internal   ABS     80  private  text         0     0  e:\Projet\code\ST7Lite2.INC
SPISR                                   33         no  BYTE  Internal   ABS     81  private  text         0     0  e:\Projet\code\ST7Lite2.INC
SICSR                                   3A         no  BYTE  Internal   ABS    108  private  text         0     0  e:\Projet\code\ST7Lite2.INC

TRANCR                                  21         no  BYTE  Internal   ABS     53  private  text         0     0  e:\Projet\code\ST7Lite2.INC

WDGCR                                   2E         no  BYTE  Internal   ABS     60  private  text         0     0  e:\Projet\code\ST7Lite2.INC

boucle_wait_spi                       E0C3         no  WORD  Internal   ABS     86  private  text        14     0  -

cmdList                               E0D1         no  WORD  Internal   ABS    109  private  text         0     0  -

dataout                                 82         no  BYTE  Internal   ABS     34  private  bss          1     1  -
drawPixel                             E0D1         no  WORD  Internal   ABS    125  private  text         0     0  -

fillRectTFT                           E0D1         no  WORD  Internal   ABS    117  private  text         0     0  -
fillScreenTFT                         E0D1         no  WORD  Internal   ABS    121  private  text         0     0  -

initOsc                               E000         no  WORD  Internal   ABS      1  private  text         0     0  e:\Projet\code\time.INC
initTFT                               E0D1         no  WORD  Internal   ABS    105  private  text         0     0  -

setAddrWindow                         E0D1         no  WORD  Internal   ABS    113  private  text         0     0  -

temp                                    83         no  BYTE  Internal   ABS     35  private  bss          1     1  -

wait1ms                               E006         no  WORD  Internal   ABS      2  private  text         0     0  e:\Projet\code\time.INC
wait2ms                               E010         no  WORD  Internal   ABS      3  private  text         0     0  e:\Projet\code\time.INC
wait500ms                             E01A         no  WORD  Internal   ABS      4  private  text         0     0  e:\Projet\code\time.INC
wait                                  E025         no  WORD  Internal   ABS      5  private  text         0     0  e:\Projet\code\time.INC
writeSPI                              E0BF         no  WORD  Internal   ABS     83  private  text         4     0  -
writeCmd                              E0D1         no  WORD  Internal   ABS     97  private  text         0     0  -
writeData                             E0D1         no  WORD  Internal   ABS    101  private  text         0     0  -


78 labels
No errors on assembly of 'e:\Projet\code\screenlib.asm'